<?xml version="1.0" encoding="UTF-8"?>
<testng-results ignored="0" total="1" passed="1" failed="0" skipped="0">
  <reporter-output>
  </reporter-output>
  <suite started-at="2021-09-21T23:03:31 EDT" name="Default suite" finished-at="2021-09-21T23:03:41 EDT" duration-ms="9563">
    <groups>
    </groups>
    <test started-at="2021-09-21T23:03:31 EDT" name="Default test" finished-at="2021-09-21T23:03:41 EDT" duration-ms="9563">
      <class name="com.OCI_Demo.testCases.TC_LoginTest_001">
        <test-method is-config="true" signature="setUp()[pri:0, instance:com.OCI_Demo.testCases.TC_LoginTest_001@33afa13b]" started-at="2021-09-21T23:03:31 EDT" name="setUp" finished-at="2021-09-21T23:03:36 EDT" duration-ms="4934" status="PASS">
          <reporter-output>
          </reporter-output>
        </test-method> <!-- setUp -->
        <test-method signature="loginTest()[pri:0, instance:com.OCI_Demo.testCases.TC_LoginTest_001@33afa13b]" started-at="2021-09-21T23:03:36 EDT" name="loginTest" finished-at="2021-09-21T23:03:40 EDT" duration-ms="3814" status="PASS">
          <reporter-output>
          </reporter-output>
        </test-method> <!-- loginTest -->
        <test-method is-config="true" signature="tearDown()[pri:0, instance:com.OCI_Demo.testCases.TC_LoginTest_001@33afa13b]" started-at="2021-09-21T23:03:40 EDT" name="tearDown" finished-at="2021-09-21T23:03:41 EDT" duration-ms="763" status="PASS">
          <reporter-output>
          </reporter-output>
        </test-method> <!-- tearDown -->
      </class> <!-- com.OCI_Demo.testCases.TC_LoginTest_001 -->
    </test> <!-- Default test -->
  </suite> <!-- Default suite -->
</testng-results>
